# JRE version: OpenJDK Runtime Environment (8.0_242-b01) (build 1.8.0_242-release-1644-b01)
# Java VM: OpenJDK 64-Bit Server VM (25.242-b01 mixed mode windows-amd64 compressed oops)
Heap:
 PSYoungGen      total 156160K, used 458K [0x00000000d5580000, 0x00000000dfa00000, 0x0000000100000000)
  eden space 143872K, 0% used [0x00000000d5580000,0x00000000d5580000,0x00000000de200000)
  from space 12288K, 3% used [0x00000000de200000,0x00000000de272b60,0x00000000dee00000)
  to   space 11264K, 0% used [0x00000000dee80000,0x00000000dee80000,0x00000000df980000)
 ParOldGen       total 38400K, used 16012K [0x0000000080000000, 0x0000000082580000, 0x00000000d5580000)
  object space 38400K, 41% used [0x0000000080000000,0x0000000080fa3070,0x0000000082580000)
 Metaspace       used 34608K, capacity 35720K, committed 35880K, reserved 1083392K
  class space    used 4768K, capacity 5041K, committed 5168K, reserved 1048576K
GC Heap History (10 events):
Event: 6.943 GC heap after
Heap after GC invocations=8 (full 0):
 PSYoungGen      total 105472K, used 3104K [0x00000000d5580000, 0x00000000dc580000, 0x0000000100000000)
  eden space 96256K, 0% used [0x00000000d5580000,0x00000000d5580000,0x00000000db380000)
  from space 9216K, 33% used [0x00000000dbc80000,0x00000000dbf88030,0x00000000dc580000)
  to   space 9216K, 0% used [0x00000000db380000,0x00000000db380000,0x00000000dbc80000)
 ParOldGen       total 65536K, used 7753K [0x0000000080000000, 0x0000000084000000, 0x00000000d5580000)
  object space 65536K, 11% used [0x0000000080000000,0x0000000080792648,0x0000000084000000)
 Metaspace       used 20587K, capacity 21224K, committed 21296K, reserved 1067008K
  class space    used 2877K, capacity 3076K, committed 3120K, reserved 1048576K
}
Event: 6.943 GC heap before
{Heap before GC invocations=9 (full 1):
 PSYoungGen      total 105472K, used 3104K [0x00000000d5580000, 0x00000000dc580000, 0x0000000100000000)
  eden space 96256K, 0% used [0x00000000d5580000,0x00000000d5580000,0x00000000db380000)
  from space 9216K, 33% used [0x00000000dbc80000,0x00000000dbf88030,0x00000000dc580000)
  to   space 9216K, 0% used [0x00000000db380000,0x00000000db380000,0x00000000dbc80000)
 ParOldGen       total 65536K, used 7753K [0x0000000080000000, 0x0000000084000000, 0x00000000d5580000)
  object space 65536K, 11% used [0x0000000080000000,0x0000000080792648,0x0000000084000000)
 Metaspace       used 20587K, capacity 21224K, committed 21296K, reserved 1067008K
  class space    used 2877K, capacity 3076K, committed 3120K, reserved 1048576K
Event: 6.983 GC heap after
Heap after GC invocations=9 (full 1):
 PSYoungGen      total 105472K, used 0K [0x00000000d5580000, 0x00000000dc580000, 0x0000000100000000)
  eden space 96256K, 0% used [0x00000000d5580000,0x00000000d5580000,0x00000000db380000)
  from space 9216K, 0% used [0x00000000dbc80000,0x00000000dbc80000,0x00000000dc580000)
  to   space 9216K, 0% used [0x00000000db380000,0x00000000db380000,0x00000000dbc80000)
 ParOldGen       total 38400K, used 6810K [0x0000000080000000, 0x0000000082580000, 0x00000000d5580000)
  object space 38400K, 17% used [0x0000000080000000,0x00000000806a6ac8,0x0000000082580000)
 Metaspace       used 20587K, capacity 21224K, committed 21296K, reserved 1067008K
  class space    used 2877K, capacity 3076K, committed 3120K, reserved 1048576K
}
Event: 8.984 GC heap before
{Heap before GC invocations=10 (full 1):
 PSYoungGen      total 105472K, used 96256K [0x00000000d5580000, 0x00000000dc580000, 0x0000000100000000)
  eden space 96256K, 100% used [0x00000000d5580000,0x00000000db380000,0x00000000db380000)
  from space 9216K, 0% used [0x00000000dbc80000,0x00000000dbc80000,0x00000000dc580000)
  to   space 9216K, 0% used [0x00000000db380000,0x00000000db380000,0x00000000dbc80000)
 ParOldGen       total 38400K, used 6810K [0x0000000080000000, 0x0000000082580000, 0x00000000d5580000)
  object space 38400K, 17% used [0x0000000080000000,0x00000000806a6ac8,0x0000000082580000)
 Metaspace       used 31076K, capacity 32014K, committed 32176K, reserved 1077248K
  class space    used 4209K, capacity 4434K, committed 4528K, reserved 1048576K
Event: 9.009 GC heap after
Heap after GC invocations=10 (full 1):
 PSYoungGen      total 105472K, used 9197K [0x00000000d5580000, 0x00000000df980000, 0x0000000100000000)
  eden space 96256K, 0% used [0x00000000d5580000,0x00000000d5580000,0x00000000db380000)
  from space 9216K, 99% used [0x00000000db380000,0x00000000dbc7b5e0,0x00000000dbc80000)
  to   space 11264K, 0% used [0x00000000dee80000,0x00000000dee80000,0x00000000df980000)
 ParOldGen       total 38400K, used 8683K [0x0000000080000000, 0x0000000082580000, 0x00000000d5580000)
  object space 38400K, 22% used [0x0000000080000000,0x000000008087ae80,0x0000000082580000)
 Metaspace       used 31076K, capacity 32014K, committed 32176K, reserved 1077248K
  class space    used 4209K, capacity 4434K, committed 4528K, reserved 1048576K
}
Event: 10.426 GC heap before
{Heap before GC invocations=11 (full 1):
 PSYoungGen      total 105472K, used 78029K [0x00000000d5580000, 0x00000000df980000, 0x0000000100000000)
  eden space 96256K, 71% used [0x00000000d5580000,0x00000000d98b81a0,0x00000000db380000)
  from space 9216K, 99% used [0x00000000db380000,0x00000000dbc7b5e0,0x00000000dbc80000)
  to   space 11264K, 0% used [0x00000000dee80000,0x00000000dee80000,0x00000000df980000)
 ParOldGen       total 38400K, used 8683K [0x0000000080000000, 0x0000000082580000, 0x00000000d5580000)
  object space 38400K, 22% used [0x0000000080000000,0x000000008087ae80,0x0000000082580000)
 Metaspace       used 34348K, capacity 35420K, committed 35496K, reserved 1079296K
  class space    used 4732K, capacity 5003K, committed 5040K, reserved 1048576K
Event: 10.445 GC heap after
Heap after GC invocations=11 (full 1):
 PSYoungGen      total 155136K, used 9726K [0x00000000d5580000, 0x00000000dfa00000, 0x0000000100000000)
  eden space 143872K, 0% used [0x00000000d5580000,0x00000000d5580000,0x00000000de200000)
  from space 11264K, 86% used [0x00000000dee80000,0x00000000df7ff848,0x00000000df980000)
  to   space 12288K, 0% used [0x00000000de200000,0x00000000de200000,0x00000000dee00000)
 ParOldGen       total 38400K, used 8691K [0x0000000080000000, 0x0000000082580000, 0x00000000d5580000)
  object space 38400K, 22% used [0x0000000080000000,0x000000008087ce80,0x0000000082580000)
 Metaspace       used 34348K, capacity 35420K, committed 35496K, reserved 1079296K
  class space    used 4732K, capacity 5003K, committed 5040K, reserved 1048576K
}
Event: 10.445 GC heap before
{Heap before GC invocations=12 (full 2):
 PSYoungGen      total 155136K, used 9726K [0x00000000d5580000, 0x00000000dfa00000, 0x0000000100000000)
  eden space 143872K, 0% used [0x00000000d5580000,0x00000000d5580000,0x00000000de200000)
  from space 11264K, 86% used [0x00000000dee80000,0x00000000df7ff848,0x00000000df980000)
  to   space 12288K, 0% used [0x00000000de200000,0x00000000de200000,0x00000000dee00000)
 ParOldGen       total 38400K, used 8691K [0x0000000080000000, 0x0000000082580000, 0x00000000d5580000)
  object space 38400K, 22% used [0x0000000080000000,0x000000008087ce80,0x0000000082580000)
 Metaspace       used 34348K, capacity 35420K, committed 35496K, reserved 1079296K
  class space    used 4732K, capacity 5003K, committed 5040K, reserved 1048576K
Event: 10.541 GC heap after
Heap after GC invocations=12 (full 2):
 PSYoungGen      total 155136K, used 0K [0x00000000d5580000, 0x00000000dfa00000, 0x0000000100000000)
  eden space 143872K, 0% used [0x00000000d5580000,0x00000000d5580000,0x00000000de200000)
  from space 11264K, 0% used [0x00000000dee80000,0x00000000dee80000,0x00000000df980000)
  to   space 12288K, 0% used [0x00000000de200000,0x00000000de200000,0x00000000dee00000)
 ParOldGen       total 38400K, used 16012K [0x0000000080000000, 0x0000000082580000, 0x00000000d5580000)
  object space 38400K, 41% used [0x0000000080000000,0x0000000080fa3070,0x0000000082580000)
 Metaspace       used 34348K, capacity 35420K, committed 35496K, reserved 1079296K
  class space    used 4732K, capacity 5003K, committed 5040K, reserved 1048576K
}
Event: 10.641 GC heap before
{Heap before GC invocations=13 (full 2):
 PSYoungGen      total 155136K, used 5432K [0x00000000d5580000, 0x00000000dfa00000, 0x0000000100000000)
  eden space 143872K, 3% used [0x00000000d5580000,0x00000000d5ace118,0x00000000de200000)
  from space 11264K, 0% used [0x00000000dee80000,0x00000000dee80000,0x00000000df980000)
  to   space 12288K, 0% used [0x00000000de200000,0x00000000de200000,0x00000000dee00000)
 ParOldGen       total 38400K, used 16012K [0x0000000080000000, 0x0000000082580000, 0x00000000d5580000)
  object space 38400K, 41% used [0x0000000080000000,0x0000000080fa3070,0x0000000082580000)
 Metaspace       used 34608K, capacity 35720K, committed 35880K, reserved 1083392K
  class space    used 4768K, capacity 5041K, committed 5168K, reserved 1048576K

