# JRE version: OpenJDK Runtime Environment (8.0_242-b01) (build 1.8.0_242-release-1644-b01)
# Java VM: OpenJDK 64-Bit Server VM (25.242-b01 mixed mode windows-amd64 compressed oops)
Heap:
 PSYoungGen      total 278016K, used 19937K [0x00000000d5580000, 0x00000000e8100000, 0x0000000100000000)
  eden space 257536K, 7% used [0x00000000d5580000,0x00000000d68f8700,0x00000000e5100000)
  from space 20480K, 0% used [0x00000000e6d00000,0x00000000e6d00000,0x00000000e8100000)
  to   space 24576K, 0% used [0x00000000e5100000,0x00000000e5100000,0x00000000e6900000)
 ParOldGen       total 105984K, used 42243K [0x0000000080000000, 0x0000000086780000, 0x00000000d5580000)
  object space 105984K, 39% used [0x0000000080000000,0x0000000082940f28,0x0000000086780000)
 Metaspace       used 68341K, capacity 71356K, committed 72104K, reserved 1114112K
  class space    used 9352K, capacity 9945K, committed 10160K, reserved 1048576K
GC Heap History (10 events):
Event: 18.013 GC heap before
{Heap before GC invocations=12 (full 2):
 PSYoungGen      total 185856K, used 164645K [0x00000000d5580000, 0x00000000e4c80000, 0x0000000100000000)
  eden space 172032K, 87% used [0x00000000d5580000,0x00000000de8d0ae8,0x00000000dfd80000)
  from space 13824K, 99% used [0x00000000dfd80000,0x00000000e0af8a48,0x00000000e0b00000)
  to   space 15872K, 0% used [0x00000000e3d00000,0x00000000e3d00000,0x00000000e4c80000)
 ParOldGen       total 66560K, used 15952K [0x0000000080000000, 0x0000000084100000, 0x00000000d5580000)
  object space 66560K, 23% used [0x0000000080000000,0x0000000080f94100,0x0000000084100000)
 Metaspace       used 56677K, capacity 59004K, committed 59160K, reserved 1099776K
  class space    used 7771K, capacity 8271K, committed 8368K, reserved 1048576K
Event: 18.076 GC heap after
Heap after GC invocations=12 (full 2):
 PSYoungGen      total 231424K, used 15852K [0x00000000d5580000, 0x00000000e5680000, 0x0000000100000000)
  eden space 215552K, 0% used [0x00000000d5580000,0x00000000d5580000,0x00000000e2800000)
  from space 15872K, 99% used [0x00000000e3d00000,0x00000000e4c7b310,0x00000000e4c80000)
  to   space 21504K, 0% used [0x00000000e2800000,0x00000000e2800000,0x00000000e3d00000)
 ParOldGen       total 66560K, used 24772K [0x0000000080000000, 0x0000000084100000, 0x00000000d5580000)
  object space 66560K, 37% used [0x0000000080000000,0x0000000081831200,0x0000000084100000)
 Metaspace       used 56677K, capacity 59004K, committed 59160K, reserved 1099776K
  class space    used 7771K, capacity 8271K, committed 8368K, reserved 1048576K
}
Event: 18.076 GC heap before
{Heap before GC invocations=13 (full 3):
 PSYoungGen      total 231424K, used 15852K [0x00000000d5580000, 0x00000000e5680000, 0x0000000100000000)
  eden space 215552K, 0% used [0x00000000d5580000,0x00000000d5580000,0x00000000e2800000)
  from space 15872K, 99% used [0x00000000e3d00000,0x00000000e4c7b310,0x00000000e4c80000)
  to   space 21504K, 0% used [0x00000000e2800000,0x00000000e2800000,0x00000000e3d00000)
 ParOldGen       total 66560K, used 24772K [0x0000000080000000, 0x0000000084100000, 0x00000000d5580000)
  object space 66560K, 37% used [0x0000000080000000,0x0000000081831200,0x0000000084100000)
 Metaspace       used 56677K, capacity 59004K, committed 59160K, reserved 1099776K
  class space    used 7771K, capacity 8271K, committed 8368K, reserved 1048576K
Event: 18.453 GC heap after
Heap after GC invocations=13 (full 3):
 PSYoungGen      total 231424K, used 0K [0x00000000d5580000, 0x00000000e5680000, 0x0000000100000000)
  eden space 215552K, 0% used [0x00000000d5580000,0x00000000d5580000,0x00000000e2800000)
  from space 15872K, 0% used [0x00000000e3d00000,0x00000000e3d00000,0x00000000e4c80000)
  to   space 21504K, 0% used [0x00000000e2800000,0x00000000e2800000,0x00000000e3d00000)
 ParOldGen       total 105984K, used 36422K [0x0000000080000000, 0x0000000086780000, 0x00000000d5580000)
  object space 105984K, 34% used [0x0000000080000000,0x00000000823918c8,0x0000000086780000)
 Metaspace       used 56650K, capacity 58914K, committed 59160K, reserved 1099776K
  class space    used 7763K, capacity 8256K, committed 8368K, reserved 1048576K
}
Event: 24.547 GC heap before
{Heap before GC invocations=14 (full 3):
 PSYoungGen      total 231424K, used 215552K [0x00000000d5580000, 0x00000000e5680000, 0x0000000100000000)
  eden space 215552K, 100% used [0x00000000d5580000,0x00000000e2800000,0x00000000e2800000)
  from space 15872K, 0% used [0x00000000e3d00000,0x00000000e3d00000,0x00000000e4c80000)
  to   space 21504K, 0% used [0x00000000e2800000,0x00000000e2800000,0x00000000e3d00000)
 ParOldGen       total 105984K, used 36422K [0x0000000080000000, 0x0000000086780000, 0x00000000d5580000)
  object space 105984K, 34% used [0x0000000080000000,0x00000000823918c8,0x0000000086780000)
 Metaspace       used 64978K, capacity 68182K, committed 68264K, reserved 1107968K
  class space    used 8975K, capacity 9578K, committed 9648K, reserved 1048576K
Event: 24.612 GC heap after
Heap after GC invocations=14 (full 3):
 PSYoungGen      total 237056K, used 21487K [0x00000000d5580000, 0x00000000e8580000, 0x0000000100000000)
  eden space 215552K, 0% used [0x00000000d5580000,0x00000000d5580000,0x00000000e2800000)
  from space 21504K, 99% used [0x00000000e2800000,0x00000000e3cfbfa0,0x00000000e3d00000)
  to   space 25088K, 0% used [0x00000000e6d00000,0x00000000e6d00000,0x00000000e8580000)
 ParOldGen       total 105984K, used 37724K [0x0000000080000000, 0x0000000086780000, 0x00000000d5580000)
  object space 105984K, 35% used [0x0000000080000000,0x00000000824d71b0,0x0000000086780000)
 Metaspace       used 64978K, capacity 68182K, committed 68264K, reserved 1107968K
  class space    used 8975K, capacity 9578K, committed 9648K, reserved 1048576K
}
Event: 27.462 GC heap before
{Heap before GC invocations=15 (full 3):
 PSYoungGen      total 237056K, used 102566K [0x00000000d5580000, 0x00000000e8580000, 0x0000000100000000)
  eden space 215552K, 37% used [0x00000000d5580000,0x00000000da4adc50,0x00000000e2800000)
  from space 21504K, 99% used [0x00000000e2800000,0x00000000e3cfbfa0,0x00000000e3d00000)
  to   space 25088K, 0% used [0x00000000e6d00000,0x00000000e6d00000,0x00000000e8580000)
 ParOldGen       total 105984K, used 37724K [0x0000000080000000, 0x0000000086780000, 0x00000000d5580000)
  object space 105984K, 35% used [0x0000000080000000,0x00000000824d71b0,0x0000000086780000)
 Metaspace       used 67715K, capacity 71072K, committed 71208K, reserved 1116160K
  class space    used 9334K, capacity 9955K, committed 10032K, reserved 1048576K
Event: 27.490 GC heap after
Heap after GC invocations=15 (full 3):
 PSYoungGen      total 278016K, used 6859K [0x00000000d5580000, 0x00000000e8100000, 0x0000000100000000)
  eden space 257536K, 0% used [0x00000000d5580000,0x00000000d5580000,0x00000000e5100000)
  from space 20480K, 33% used [0x00000000e6d00000,0x00000000e73b2ee8,0x00000000e8100000)
  to   space 24576K, 0% used [0x00000000e5100000,0x00000000e5100000,0x00000000e6900000)
 ParOldGen       total 105984K, used 45436K [0x0000000080000000, 0x0000000086780000, 0x00000000d5580000)
  object space 105984K, 42% used [0x0000000080000000,0x0000000082c5f008,0x0000000086780000)
 Metaspace       used 67715K, capacity 71072K, committed 71208K, reserved 1116160K
  class space    used 9334K, capacity 9955K, committed 10032K, reserved 1048576K
}
Event: 27.490 GC heap before
{Heap before GC invocations=16 (full 4):
 PSYoungGen      total 278016K, used 6859K [0x00000000d5580000, 0x00000000e8100000, 0x0000000100000000)
  eden space 257536K, 0% used [0x00000000d5580000,0x00000000d5580000,0x00000000e5100000)
  from space 20480K, 33% used [0x00000000e6d00000,0x00000000e73b2ee8,0x00000000e8100000)
  to   space 24576K, 0% used [0x00000000e5100000,0x00000000e5100000,0x00000000e6900000)
 ParOldGen       total 105984K, used 45436K [0x0000000080000000, 0x0000000086780000, 0x00000000d5580000)
  object space 105984K, 42% used [0x0000000080000000,0x0000000082c5f008,0x0000000086780000)
 Metaspace       used 67715K, capacity 71072K, committed 71208K, reserved 1116160K
  class space    used 9334K, capacity 9955K, committed 10032K, reserved 1048576K
Event: 29.016 GC heap after
Heap after GC invocations=16 (full 4):
 PSYoungGen      total 278016K, used 0K [0x00000000d5580000, 0x00000000e8100000, 0x0000000100000000)
  eden space 257536K, 0% used [0x00000000d5580000,0x00000000d5580000,0x00000000e5100000)
  from space 20480K, 0% used [0x00000000e6d00000,0x00000000e6d00000,0x00000000e8100000)
  to   space 24576K, 0% used [0x00000000e5100000,0x00000000e5100000,0x00000000e6900000)
 ParOldGen       total 105984K, used 42243K [0x0000000080000000, 0x0000000086780000, 0x00000000d5580000)
  object space 105984K, 39% used [0x0000000080000000,0x0000000082940f28,0x0000000086780000)
 Metaspace       used 67493K, capacity 70472K, committed 71208K, reserved 1114112K
  class space    used 9266K, capacity 9835K, committed 10032K, reserved 1048576K
}

